00:00:00.809576 VirtualBox VM 6.1.22 r144080 win.amd64 (Apr 28 2021 17:23:11) release log
00:00:00.809590 Log opened 2021-07-31T11:21:53.091842700Z
00:00:00.809590 Build Type: release
00:00:00.809608 OS Product: Windows 10
00:00:00.809609 OS Release: 10.0.19042
00:00:00.809609 OS Service Pack: 
00:00:01.159770 DMI Product Name: VivoBook S13 X330FA_S330FA
00:00:01.164189 DMI Product Version: 1.0       
00:00:01.164198 Firmware type: UEFI
00:00:01.164552 Secure Boot: VERR_PRIVILEGE_NOT_HELD
00:00:01.164587 Host RAM: 3910MB (3.8GB) total, 544MB available
00:00:01.164589 Executable: C:\Program Files\Oracle\VirtualBox\VBoxHeadless.exe
00:00:01.164590 Process ID: 9380
00:00:01.164590 Package type: WINDOWS_64BITS_GENERIC
00:00:01.165379 Installed Extension Packs:
00:00:01.165393   Oracle VM VirtualBox Extension Pack (Version: 6.1.22 r144080; VRDE Module: VBoxVRDP)
00:00:01.166397 Console: Machine state changed to 'Starting'
00:00:01.284196 SUP: Opened VMMR0.r0 (C:\Program Files\Oracle\VirtualBox\VMMR0.r0) at 0xXXXXXXXXXXXXXXXX loaded by the native ring-0 loader.
00:00:01.284214 SUP: windbg> .reload /f C:\Program Files\Oracle\VirtualBox\VMMR0.r0=0xXXXXXXXXXXXXXXXX
00:00:01.285558 Guest OS type: 'Ubuntu_64'
00:00:01.286423 fHMForced=true - No raw-mode support in this build!
00:00:01.291633 File system of 'D:\VM\vbox\ubuntu_default_1627730506973_95339\Snapshots' (snapshots) is unknown
00:00:01.291648 File system of 'D:\VM\vbox\ubuntu_default_1627730506973_95339\box-disk1.vmdk' is ntfs
00:00:01.311963 Shared Clipboard: Service loaded
00:00:01.311977 Shared Clipboard: Mode: Off
00:00:01.312317 Shared Clipboard: Service running in headless mode
00:00:01.328201 Drag and drop service loaded
00:00:01.328215 Drag and drop mode: Off
00:00:01.547860 Per-VM extradata API settings:
00:00:01.547873   VBoxInternal2/SharedFoldersEnableSymlinksCreate/vagrant="1"
00:00:01.547992 ************************* CFGM dump *************************
00:00:01.547994 [/] (level 0)
00:00:01.547996   CpuExecutionCap   <integer> = 0x0000000000000064 (100)
00:00:01.547997   EnablePAE         <integer> = 0x0000000000000000 (0)
00:00:01.547998   HMEnabled         <integer> = 0x0000000000000001 (1)
00:00:01.547999   MemBalloonSize    <integer> = 0x0000000000000000 (0)
00:00:01.547999   Name              <string>  = "ubuntu_default_1627730506973_95339" (cb=35)
00:00:01.548000   NumCPUs           <integer> = 0x0000000000000001 (1)
00:00:01.548001   PageFusionAllowed <integer> = 0x0000000000000000 (0)
00:00:01.548002   RamHoleSize       <integer> = 0x0000000020000000 (536 870 912, 512 MB)
00:00:01.548003   RamSize           <integer> = 0x0000000020000000 (536 870 912, 512 MB)
00:00:01.548004   TimerMillies      <integer> = 0x000000000000000a (10)
00:00:01.548005   UUID              <bytes>   = "e6 b2 61 0f ee 16 2e 44 92 6a 83 82 2a 0d c8 3c" (cb=16)
00:00:01.548027 
00:00:01.548027 [/CPUM/] (level 1)
00:00:01.548028   GuestCpuName       <string>  = "host" (cb=5)
00:00:01.548029   NestedHWVirt       <integer> = 0x0000000000000000 (0)
00:00:01.548030   PortableCpuIdLevel <integer> = 0x0000000000000000 (0)
00:00:01.548030   SpecCtrl           <integer> = 0x0000000000000000 (0)
00:00:01.548031 
00:00:01.548031 [/CPUM/IsaExts/] (level 2)
00:00:01.548032 
00:00:01.548032 [/DBGC/] (level 1)
00:00:01.548033   GlobalInitScript <string>  = "C:\Users\Lisa\.VirtualBox/dbgc-init" (cb=36)
00:00:01.548033   HistoryFile      <string>  = "C:\Users\Lisa\.VirtualBox/dbgc-history" (cb=39)
00:00:01.548034   LocalInitScript  <string>  = "D:\VM\vbox\ubuntu_default_1627730506973_95339/dbgc-init" (cb=56)
00:00:01.548035 
00:00:01.548035 [/DBGF/] (level 1)
00:00:01.548035   Path <string>  = "D:\VM\vbox\ubuntu_default_1627730506973_95339/debug/;D:\VM\vbox\ubuntu_default_1627730506973_95339/;cache*D:\VM\vbox\ubuntu_default_1627730506973_95339/dbgcache/;C:\Users\Lisa\" (cb=177)
00:00:01.548036 
00:00:01.548036 [/Devices/] (level 1)
00:00:01.548037 
00:00:01.548037 [/Devices/8237A/] (level 2)
00:00:01.548038 
00:00:01.548038 [/Devices/8237A/0/] (level 3)
00:00:01.548039   Trusted <integer> = 0x0000000000000001 (1)
00:00:01.548040 
00:00:01.548040 [/Devices/VMMDev/] (level 2)
00:00:01.548040 
00:00:01.548041 [/Devices/VMMDev/0/] (level 3)
00:00:01.548042   PCIBusNo      <integer> = 0x0000000000000000 (0)
00:00:01.548042   PCIDeviceNo   <integer> = 0x0000000000000004 (4)
00:00:01.548043   PCIFunctionNo <integer> = 0x0000000000000000 (0)
00:00:01.548043   Trusted       <integer> = 0x0000000000000001 (1)
00:00:01.548044 
00:00:01.548044 [/Devices/VMMDev/0/Config/] (level 4)
00:00:01.548045   GuestCoreDumpDir <string>  = "D:\VM\vbox\ubuntu_default_1627730506973_95339\Snapshots" (cb=56)
00:00:01.548045 
00:00:01.548046 [/Devices/VMMDev/0/LUN#0/] (level 4)
00:00:01.548047   Driver <string>  = "HGCM" (cb=5)
00:00:01.548047 
00:00:01.548047 [/Devices/VMMDev/0/LUN#0/Config/] (level 5)
00:00:01.548048   Object <integer> = 0x0000000001ebda10 (32 234 000)
00:00:01.548049 
00:00:01.548049 [/Devices/VMMDev/0/LUN#999/] (level 4)
00:00:01.548050   Driver <string>  = "MainStatus" (cb=11)
00:00:01.548051 
00:00:01.548051 [/Devices/VMMDev/0/LUN#999/Config/] (level 5)
00:00:01.548052   First   <integer> = 0x0000000000000000 (0)
00:00:01.548052   Last    <integer> = 0x0000000000000000 (0)
00:00:01.548053   papLeds <integer> = 0x0000000001ebd2b0 (32 232 112)
00:00:01.548053 
00:00:01.548054 [/Devices/acpi/] (level 2)
00:00:01.548055 
00:00:01.548055 [/Devices/acpi/0/] (level 3)
00:00:01.548056   PCIBusNo      <integer> = 0x0000000000000000 (0)
00:00:01.548056   PCIDeviceNo   <integer> = 0x0000000000000007 (7)
00:00:01.548057   PCIFunctionNo <integer> = 0x0000000000000000 (0)
00:00:01.548057   Trusted       <integer> = 0x0000000000000001 (1)
00:00:01.548057 
00:00:01.548058 [/Devices/acpi/0/Config/] (level 4)
00:00:01.548059   CpuHotPlug          <integer> = 0x0000000000000000 (0)
00:00:01.548059   FdcEnabled          <integer> = 0x0000000000000000 (0)
00:00:01.548060   HostBusPciAddress   <integer> = 0x0000000000000000 (0)
00:00:01.548060   HpetEnabled         <integer> = 0x0000000000000000 (0)
00:00:01.548061   IOAPIC              <integer> = 0x0000000000000001 (1)
00:00:01.548061   IocPciAddress       <integer> = 0x0000000000010000 (65 536)
00:00:01.548062   NumCPUs             <integer> = 0x0000000000000001 (1)
00:00:01.548063   Parallel0IoPortBase <integer> = 0x0000000000000000 (0)
00:00:01.548063   Parallel0Irq        <integer> = 0x0000000000000000 (0)
00:00:01.548064   Parallel1IoPortBase <integer> = 0x0000000000000000 (0)
00:00:01.548064   Parallel1Irq        <integer> = 0x0000000000000000 (0)
00:00:01.548065   Serial0IoPortBase   <integer> = 0x0000000000000000 (0)
00:00:01.548065   Serial0Irq          <integer> = 0x0000000000000000 (0)
00:00:01.548066   Serial1IoPortBase   <integer> = 0x0000000000000000 (0)
00:00:01.548066   Serial1Irq          <integer> = 0x0000000000000000 (0)
00:00:01.548067   ShowCpu             <integer> = 0x0000000000000001 (1)
00:00:01.548067   ShowRtc             <integer> = 0x0000000000000000 (0)
00:00:01.548068   SmcEnabled          <integer> = 0x0000000000000000 (0)
00:00:01.548068 
00:00:01.548068 [/Devices/acpi/0/LUN#0/] (level 4)
00:00:01.548069   Driver <string>  = "ACPIHost" (cb=9)
00:00:01.548070 
00:00:01.548070 [/Devices/acpi/0/LUN#0/Config/] (level 5)
00:00:01.548071 
00:00:01.548071 [/Devices/ahci/] (level 2)
00:00:01.548071 
00:00:01.548072 [/Devices/ahci/0/] (level 3)
00:00:01.548073   PCIBusNo      <integer> = 0x0000000000000000 (0)
00:00:01.548073   PCIDeviceNo   <integer> = 0x000000000000000d (13)
00:00:01.548074   PCIFunctionNo <integer> = 0x0000000000000000 (0)
00:00:01.548074   Trusted       <integer> = 0x0000000000000001 (1)
00:00:01.548075 
00:00:01.548075 [/Devices/ahci/0/Config/] (level 4)
00:00:01.548076   Bootable  <integer> = 0x0000000000000001 (1)
00:00:01.548076   PortCount <integer> = 0x0000000000000001 (1)
00:00:01.548076 
00:00:01.548077 [/Devices/ahci/0/Config/Port0/] (level 5)
00:00:01.548078   Hotpluggable <integer> = 0x0000000000000001 (1)
00:00:01.548078 
00:00:01.548078 [/Devices/ahci/0/LUN#0/] (level 4)
00:00:01.548079   Driver <string>  = "VD" (cb=3)
00:00:01.548080 
00:00:01.548080 [/Devices/ahci/0/LUN#0/Config/] (level 5)
00:00:01.548081   Format    <string>  = "VMDK" (cb=5)
00:00:01.548081   Mountable <integer> = 0x0000000000000000 (0)
00:00:01.548082   Path      <string>  = "D:\VM\vbox\ubuntu_default_1627730506973_95339\box-disk1.vmdk" (cb=61)
00:00:01.548082   Type      <string>  = "HardDisk" (cb=9)
00:00:01.548083 
00:00:01.548083 [/Devices/ahci/0/LUN#0/Config/Plugins/] (level 6)
00:00:01.548084 
00:00:01.548084 [/Devices/ahci/0/LUN#0/Config/Plugins/VDPluginCrypt/] (level 7)
00:00:01.548085   Path <string>  = "C:\Program Files\Oracle\VirtualBox\ExtensionPacks\Oracle_VM_VirtualBox_Extension_Pack\win.amd64\VDPluginCrypt.DLL" (cb=114)
00:00:01.548086 
00:00:01.548086 [/Devices/ahci/0/LUN#999/] (level 4)
00:00:01.548087   Driver <string>  = "MainStatus" (cb=11)
00:00:01.548087 
00:00:01.548088 [/Devices/ahci/0/LUN#999/Config/] (level 5)
00:00:01.548089   DeviceInstance        <string>  = "ahci/0" (cb=7)
00:00:01.548089   First                 <integer> = 0x0000000000000000 (0)
00:00:01.548090   Last                  <integer> = 0x0000000000000000 (0)
00:00:01.548090   pConsole              <integer> = 0x0000000001ebc9f0 (32 229 872)
00:00:01.548091   papLeds               <integer> = 0x0000000001ebce30 (32 230 960)
00:00:01.548092   pmapMediumAttachments <integer> = 0x0000000001ebd2d0 (32 232 144)
00:00:01.548093 
00:00:01.548093 [/Devices/apic/] (level 2)
00:00:01.548094 
00:00:01.548094 [/Devices/apic/0/] (level 3)
00:00:01.548095   Trusted <integer> = 0x0000000000000001 (1)
00:00:01.548095 
00:00:01.548095 [/Devices/apic/0/Config/] (level 4)
00:00:01.548096   IOAPIC  <integer> = 0x0000000000000001 (1)
00:00:01.548097   Mode    <integer> = 0x0000000000000002 (2)
00:00:01.548097   NumCPUs <integer> = 0x0000000000000001 (1)
00:00:01.548098 
00:00:01.548098 [/Devices/e1000/] (level 2)
00:00:01.548098 
00:00:01.548098 [/Devices/e1000/0/] (level 3)
00:00:01.548099   PCIBusNo      <integer> = 0x0000000000000000 (0)
00:00:01.548100   PCIDeviceNo   <integer> = 0x0000000000000003 (3)
00:00:01.548100   PCIFunctionNo <integer> = 0x0000000000000000 (0)
00:00:01.548101   Trusted       <integer> = 0x0000000000000001 (1)
00:00:01.548101 
00:00:01.548101 [/Devices/e1000/0/Config/] (level 4)
00:00:01.548102   AdapterType    <integer> = 0x0000000000000000 (0)
00:00:01.548102   CableConnected <integer> = 0x0000000000000001 (1)
00:00:01.548103   LineSpeed      <integer> = 0x0000000000000000 (0)
00:00:01.548103   MAC            <bytes>   = "08 00 27 5f bb e6" (cb=6)
00:00:01.548104 
00:00:01.548105 [/Devices/e1000/0/LUN#0/] (level 4)
00:00:01.548105   Driver <string>  = "NAT" (cb=4)
00:00:01.548106 
00:00:01.548106 [/Devices/e1000/0/LUN#0/Config/] (level 5)
00:00:01.548107   AliasMode       <integer> = 0x0000000000000000 (0)
00:00:01.548107   BootFile        <string>  = "ubuntu_default_1627730506973_95339.pxe" (cb=39)
00:00:01.548108   DNSProxy        <integer> = 0x0000000000000001 (1)
00:00:01.548108   Network         <string>  = "10.0.2.0/24" (cb=12)
00:00:01.548109   PassDomain      <integer> = 0x0000000000000001 (1)
00:00:01.548109   TFTPPrefix      <string>  = "C:\Users\Lisa\.VirtualBox\TFTP" (cb=31)
00:00:01.548110   UseHostResolver <integer> = 0x0000000000000000 (0)
00:00:01.548111 
00:00:01.548111 [/Devices/e1000/0/LUN#0/Config/PortForwarding/] (level 6)
00:00:01.548112 
00:00:01.548112 [/Devices/e1000/0/LUN#0/Config/PortForwarding/0/] (level 7)
00:00:01.548113   BindIP    <string>  = "127.0.0.1" (cb=10)
00:00:01.548114   GuestPort <integer> = 0x0000000000000016 (22)
00:00:01.548114   HostPort  <integer> = 0x0000000000000898 (2 200)
00:00:01.548115   Name      <string>  = "ssh" (cb=4)
00:00:01.548115   Protocol  <string>  = "TCP" (cb=4)
00:00:01.548116 
00:00:01.548116 [/Devices/e1000/0/LUN#999/] (level 4)
00:00:01.548117   Driver <string>  = "MainStatus" (cb=11)
00:00:01.548117 
00:00:01.548117 [/Devices/e1000/0/LUN#999/Config/] (level 5)
00:00:01.548118   First   <integer> = 0x0000000000000000 (0)
00:00:01.548118   Last    <integer> = 0x0000000000000000 (0)
00:00:01.548119   papLeds <integer> = 0x0000000001ebd190 (32 231 824)
00:00:01.548120 
00:00:01.548120 [/Devices/i8254/] (level 2)
00:00:01.548120 
00:00:01.548121 [/Devices/i8254/0/] (level 3)
00:00:01.548121 
00:00:01.548121 [/Devices/i8254/0/Config/] (level 4)
00:00:01.548122 
00:00:01.548122 [/Devices/i8259/] (level 2)
00:00:01.548123 
00:00:01.548123 [/Devices/i8259/0/] (level 3)
00:00:01.548124   Trusted <integer> = 0x0000000000000001 (1)
00:00:01.548124 
00:00:01.548124 [/Devices/i8259/0/Config/] (level 4)
00:00:01.548125 
00:00:01.548125 [/Devices/ioapic/] (level 2)
00:00:01.548126 
00:00:01.548126 [/Devices/ioapic/0/] (level 3)
00:00:01.548127   Trusted <integer> = 0x0000000000000001 (1)
00:00:01.548127 
00:00:01.548127 [/Devices/ioapic/0/Config/] (level 4)
00:00:01.548128   NumCPUs <integer> = 0x0000000000000001 (1)
00:00:01.548128 
00:00:01.548128 [/Devices/mc146818/] (level 2)
00:00:01.548129 
00:00:01.548129 [/Devices/mc146818/0/] (level 3)
00:00:01.548130 
00:00:01.548130 [/Devices/mc146818/0/Config/] (level 4)
00:00:01.548131   UseUTC <integer> = 0x0000000000000001 (1)
00:00:01.548131 
00:00:01.548131 [/Devices/parallel/] (level 2)
00:00:01.548132 
00:00:01.548132 [/Devices/pcarch/] (level 2)
00:00:01.548133 
00:00:01.548133 [/Devices/pcarch/0/] (level 3)
00:00:01.548133   Trusted <integer> = 0x0000000000000001 (1)
00:00:01.548134 
00:00:01.548134 [/Devices/pcarch/0/Config/] (level 4)
00:00:01.548135 
00:00:01.548135 [/Devices/pcbios/] (level 2)
00:00:01.548135 
00:00:01.548135 [/Devices/pcbios/0/] (level 3)
00:00:01.548136   Trusted <integer> = 0x0000000000000001 (1)
00:00:01.548137 
00:00:01.548137 [/Devices/pcbios/0/Config/] (level 4)
00:00:01.548138   APIC               <integer> = 0x0000000000000001 (1)
00:00:01.548139   BootDevice0        <string>  = "IDE" (cb=4)
00:00:01.548139   BootDevice1        <string>  = "NONE" (cb=5)
00:00:01.548140   BootDevice2        <string>  = "NONE" (cb=5)
00:00:01.548140   BootDevice3        <string>  = "NONE" (cb=5)
00:00:01.548140   FloppyDevice       <string>  = "i82078" (cb=7)
00:00:01.548141   HardDiskDevice     <string>  = "piix3ide" (cb=9)
00:00:01.548141   IOAPIC             <integer> = 0x0000000000000001 (1)
00:00:01.548142   LanBootRom         <string>  = "C:\Program Files\Oracle\VirtualBox\ExtensionPacks\Oracle_VM_VirtualBox_Extension_Pack\PXE-Intel.rom" (cb=100)
00:00:01.548143   McfgBase           <integer> = 0x0000000000000000 (0)
00:00:01.548143   McfgLength         <integer> = 0x0000000000000000 (0)
00:00:01.548144   NumCPUs            <integer> = 0x0000000000000001 (1)
00:00:01.548144   PXEDebug           <integer> = 0x0000000000000000 (0)
00:00:01.548145   SataHardDiskDevice <string>  = "ahci" (cb=5)
00:00:01.548145   SataLUN1           <integer> = 0x0000000000000000 (0)
00:00:01.548146   UUID               <bytes>   = "e6 b2 61 0f ee 16 2e 44 92 6a 83 82 2a 0d c8 3c" (cb=16)
00:00:01.548147   UuidLe             <integer> = 0x0000000000000000 (0)
00:00:01.548148 
00:00:01.548148 [/Devices/pcbios/0/Config/NetBoot/] (level 5)
00:00:01.548149 
00:00:01.548149 [/Devices/pcbios/0/Config/NetBoot/0/] (level 6)
00:00:01.548150   NIC           <integer> = 0x0000000000000000 (0)
00:00:01.548150   PCIBusNo      <integer> = 0x0000000000000000 (0)
00:00:01.548151   PCIDeviceNo   <integer> = 0x0000000000000003 (3)
00:00:01.548151   PCIFunctionNo <integer> = 0x0000000000000000 (0)
00:00:01.548152 
00:00:01.548152 [/Devices/pci/] (level 2)
00:00:01.548153 
00:00:01.548153 [/Devices/pci/0/] (level 3)
00:00:01.548154   Trusted <integer> = 0x0000000000000001 (1)
00:00:01.548154 
00:00:01.548154 [/Devices/pci/0/Config/] (level 4)
00:00:01.548155   IOAPIC <integer> = 0x0000000000000001 (1)
00:00:01.548155 
00:00:01.548156 [/Devices/pcibridge/] (level 2)
00:00:01.548156 
00:00:01.548156 [/Devices/pckbd/] (level 2)
00:00:01.548157 
00:00:01.548157 [/Devices/pckbd/0/] (level 3)
00:00:01.548158   Trusted <integer> = 0x0000000000000001 (1)
00:00:01.548158 
00:00:01.548158 [/Devices/pckbd/0/Config/] (level 4)
00:00:01.548159 
00:00:01.548159 [/Devices/pckbd/0/LUN#0/] (level 4)
00:00:01.548160   Driver <string>  = "KeyboardQueue" (cb=14)
00:00:01.548160 
00:00:01.548160 [/Devices/pckbd/0/LUN#0/AttachedDriver/] (level 5)
00:00:01.548161   Driver <string>  = "MainKeyboard" (cb=13)
00:00:01.548161 
00:00:01.548162 [/Devices/pckbd/0/LUN#0/AttachedDriver/Config/] (level 6)
00:00:01.548162   Object <integer> = 0x0000000001e76690 (31 942 288)
00:00:01.548163 
00:00:01.548163 [/Devices/pckbd/0/LUN#0/Config/] (level 5)
00:00:01.548164   QueueSize <integer> = 0x0000000000000040 (64)
00:00:01.548165 
00:00:01.548165 [/Devices/pckbd/0/LUN#1/] (level 4)
00:00:01.548165   Driver <string>  = "MouseQueue" (cb=11)
00:00:01.548166 
00:00:01.548166 [/Devices/pckbd/0/LUN#1/AttachedDriver/] (level 5)
00:00:01.548167   Driver <string>  = "MainMouse" (cb=10)
00:00:01.548167 
00:00:01.548167 [/Devices/pckbd/0/LUN#1/AttachedDriver/Config/] (level 6)
00:00:01.548168   Object <integer> = 0x0000000001f2c250 (32 686 672)
00:00:01.548169 
00:00:01.548169 [/Devices/pckbd/0/LUN#1/Config/] (level 5)
00:00:01.548170   QueueSize <integer> = 0x0000000000000080 (128)
00:00:01.548170 
00:00:01.548170 [/Devices/pcnet/] (level 2)
00:00:01.548171 
00:00:01.548171 [/Devices/serial/] (level 2)
00:00:01.548172 
00:00:01.548172 [/Devices/vga/] (level 2)
00:00:01.548172 
00:00:01.548172 [/Devices/vga/0/] (level 3)
00:00:01.548173   PCIBusNo      <integer> = 0x0000000000000000 (0)
00:00:01.548174   PCIDeviceNo   <integer> = 0x0000000000000002 (2)
00:00:01.548174   PCIFunctionNo <integer> = 0x0000000000000000 (0)
00:00:01.548174   Trusted       <integer> = 0x0000000000000001 (1)
00:00:01.548175 
00:00:01.548175 [/Devices/vga/0/Config/] (level 4)
00:00:01.548176   3DEnabled        <integer> = 0x0000000000000000 (0)
00:00:01.548177   CustomVideoModes <integer> = 0x0000000000000000 (0)
00:00:01.548177   FadeIn           <integer> = 0x0000000000000001 (1)
00:00:01.548178   FadeOut          <integer> = 0x0000000000000001 (1)
00:00:01.548178   HeightReduction  <integer> = 0x0000000000000000 (0)
00:00:01.548179   LogoFile         <string>  = "" (cb=1)
00:00:01.548179   LogoTime         <integer> = 0x0000000000000000 (0)
00:00:01.548180   MonitorCount     <integer> = 0x0000000000000001 (1)
00:00:01.548180   ShowBootMenu     <integer> = 0x0000000000000002 (2)
00:00:01.548180   VRamSize         <integer> = 0x0000000000c00000 (12 582 912, 12 MB)
00:00:01.548181 
00:00:01.548182 [/Devices/vga/0/LUN#0/] (level 4)
00:00:01.548182   Driver <string>  = "MainDisplay" (cb=12)
00:00:01.548183 
00:00:01.548183 [/Devices/vga/0/LUN#0/Config/] (level 5)
00:00:01.548184   Object <integer> = 0x0000000001f22890 (32 647 312)
00:00:01.548184 
00:00:01.548184 [/Devices/vga/0/LUN#999/] (level 4)
00:00:01.548185   Driver <string>  = "MainStatus" (cb=11)
00:00:01.548186 
00:00:01.548186 [/Devices/vga/0/LUN#999/Config/] (level 5)
00:00:01.548186   First   <integer> = 0x0000000000000000 (0)
00:00:01.548187   Last    <integer> = 0x0000000000000000 (0)
00:00:01.548187   papLeds <integer> = 0x0000000001ebd2c8 (32 232 136)
00:00:01.548188 
00:00:01.548188 [/Devices/virtio-net/] (level 2)
00:00:01.548189 
00:00:01.548189 [/EM/] (level 1)
00:00:01.548190   TripleFaultReset <integer> = 0x0000000000000000 (0)
00:00:01.548190 
00:00:01.548190 [/GIM/] (level 1)
00:00:01.548191   Provider <string>  = "None" (cb=5)
00:00:01.548191 
00:00:01.548191 [/HM/] (level 1)
00:00:01.548192   64bitEnabled       <integer> = 0x0000000000000001 (1)
00:00:01.548193   EnableLargePages   <integer> = 0x0000000000000000 (0)
00:00:01.548193   EnableNestedPaging <integer> = 0x0000000000000001 (1)
00:00:01.548194   EnableUX           <integer> = 0x0000000000000001 (1)
00:00:01.548194   EnableVPID         <integer> = 0x0000000000000001 (1)
00:00:01.548195   Exclusive          <integer> = 0x0000000000000000 (0)
00:00:01.548195   HMForced           <integer> = 0x0000000000000001 (1)
00:00:01.548196   IBPBOnVMEntry      <integer> = 0x0000000000000000 (0)
00:00:01.548196   IBPBOnVMExit       <integer> = 0x0000000000000000 (0)
00:00:01.548197   L1DFlushOnSched    <integer> = 0x0000000000000001 (1)
00:00:01.548197   L1DFlushOnVMEntry  <integer> = 0x0000000000000000 (0)
00:00:01.548198   MDSClearOnSched    <integer> = 0x0000000000000001 (1)
00:00:01.548198   MDSClearOnVMEntry  <integer> = 0x0000000000000000 (0)
00:00:01.548199   SpecCtrlByHost     <integer> = 0x0000000000000000 (0)
00:00:01.548199   UseNEMInstead      <integer> = 0x0000000000000000 (0)
00:00:01.548200 
00:00:01.548200 [/MM/] (level 1)
00:00:01.548200   CanUseLargerHeap <integer> = 0x0000000000000000 (0)
00:00:01.548201 
00:00:01.548201 [/NEM/] (level 1)
00:00:01.548201   Allow64BitGuests <integer> = 0x0000000000000001 (1)
00:00:01.548202 
00:00:01.548202 [/PDM/] (level 1)
00:00:01.548202 
00:00:01.548203 [/PDM/AsyncCompletion/] (level 2)
00:00:01.548203 
00:00:01.548203 [/PDM/AsyncCompletion/File/] (level 3)
00:00:01.548204 
00:00:01.548204 [/PDM/AsyncCompletion/File/BwGroups/] (level 4)
00:00:01.548205 
00:00:01.548205 [/PDM/BlkCache/] (level 2)
00:00:01.548206   CacheSize <integer> = 0x0000000000500000 (5 242 880, 5 MB)
00:00:01.548207 
00:00:01.548207 [/PDM/Devices/] (level 2)
00:00:01.548207 
00:00:01.548207 [/PDM/Devices/VBoxEhci/] (level 3)
00:00:01.548208   Path         <string>  = "C:\Program Files\Oracle\VirtualBox\ExtensionPacks\Oracle_VM_VirtualBox_Extension_Pack\win.amd64\VBoxEhciR3.DLL" (cb=111)
00:00:01.548209   R0SearchPath <string>  = "C:\Program Files\Oracle\VirtualBox\ExtensionPacks\Oracle_VM_VirtualBox_Extension_Pack\win.amd64" (cb=96)
00:00:01.548210 
00:00:01.548210 [/PDM/Devices/VBoxNvme/] (level 3)
00:00:01.548210   Path         <string>  = "C:\Program Files\Oracle\VirtualBox\ExtensionPacks\Oracle_VM_VirtualBox_Extension_Pack\win.amd64\VBoxNvmeR3.DLL" (cb=111)
00:00:01.548211   R0SearchPath <string>  = "C:\Program Files\Oracle\VirtualBox\ExtensionPacks\Oracle_VM_VirtualBox_Extension_Pack\win.amd64" (cb=96)
00:00:01.548212 
00:00:01.548212 [/PDM/Drivers/] (level 2)
00:00:01.548212 
00:00:01.548212 [/PDM/Drivers/DrvHostWebcam/] (level 3)
00:00:01.548213   Path <string>  = "C:\Program Files\Oracle\VirtualBox\ExtensionPacks\Oracle_VM_VirtualBox_Extension_Pack\win.amd64\VBoxHostWebcam.DLL" (cb=115)
00:00:01.548214 
00:00:01.548214 [/PDM/Drivers/VBoxC/] (level 3)
00:00:01.548215   Path <string>  = "VBoxC" (cb=6)
00:00:01.548215 
00:00:01.548215 [/PDM/NetworkShaper/] (level 2)
00:00:01.548216 
00:00:01.548216 [/PDM/NetworkShaper/BwGroups/] (level 3)
00:00:01.548217 
00:00:01.548217 [/PDM/USB/] (level 2)
00:00:01.548217 
00:00:01.548218 [/PDM/USB/VBoxUsbCardReader/] (level 3)
00:00:01.548218   Path <string>  = "C:\Program Files\Oracle\VirtualBox\ExtensionPacks\Oracle_VM_VirtualBox_Extension_Pack\win.amd64\VBoxUsbCardReaderR3.DLL" (cb=120)
00:00:01.548219 
00:00:01.548219 [/PDM/USB/VBoxUsbWebcam/] (level 3)
00:00:01.548220   Path <string>  = "C:\Program Files\Oracle\VirtualBox\ExtensionPacks\Oracle_VM_VirtualBox_Extension_Pack\win.amd64\VBoxUsbWebcamR3.DLL" (cb=116)
00:00:01.548220 
00:00:01.548220 [/TM/] (level 1)
00:00:01.548221   UTCOffset <integer> = 0x0000000000000000 (0)
00:00:01.548221 
00:00:01.548222 ********************* End of CFGM dump **********************
00:00:01.548324 HM: HMR3Init: Attempting fall back to NEM: VT-x is not available
00:00:01.614889 NEM: WHvCapabilityCodeHypervisorPresent is TRUE, so this might work...
00:00:01.614905 NEM: WHvCapabilityCodeExtendedVmExits      = 0x00000000000003ff
00:00:01.614910 NEM:                       fExtendedMsrExit: 1
00:00:01.614913 NEM:                     fExtendedCpuIdExit: 1
00:00:01.614915 NEM:                      fExtendedXcptExit: 1
00:00:01.614918 NEM: Warning! Unknown VM exit definitions: 0x3ff
00:00:01.614920 NEM: Warning! Unknown feature definitions: 0x7f
00:00:01.614923 NEM: Supported exception exit bitmap: 0xf7dfb
00:00:01.614933 NEM: WHvCapabilityCodeProcessorVendor      = 1 - Intel
00:00:01.614941 NEM: WHvCapabilityCodeProcessorFeatures    = 0x081978cfe7f7859f
00:00:01.614946 NEM:                            Sse3Support: 1
00:00:01.614949 NEM:                        LahfSahfSupport: 1
00:00:01.614952 NEM:                           Ssse3Support: 1
00:00:01.614954 NEM:                          Sse4_1Support: 1
00:00:01.614957 NEM:                          Sse4_2Support: 1
00:00:01.614959 NEM:                           Sse4aSupport: 0
00:00:01.614962 NEM:                             XopSupport: 0
00:00:01.614964 NEM:                          PopCntSupport: 1
00:00:01.614981 NEM:                      Cmpxchg16bSupport: 1
00:00:01.614984 NEM:                       Altmovcr8Support: 0
00:00:01.614987 NEM:                           LzcntSupport: 1
00:00:01.614990 NEM:                     MisAlignSseSupport: 0
00:00:01.614992 NEM:                          MmxExtSupport: 0
00:00:01.614995 NEM:                        Amd3DNowSupport: 0
00:00:01.614997 NEM:                ExtendedAmd3DNowSupport: 0
00:00:01.614999 NEM:                         Page1GbSupport: 1
00:00:01.615002 NEM:                             AesSupport: 1
00:00:01.615004 NEM:                       PclmulqdqSupport: 1
00:00:01.615007 NEM:                            PcidSupport: 1
00:00:01.615010 NEM:                            Fma4Support: 0
00:00:01.615012 NEM:                            F16CSupport: 1
00:00:01.615015 NEM:                          RdRandSupport: 1
00:00:01.615017 NEM:                        RdWrFsGsSupport: 1
00:00:01.615019 NEM:                            SmepSupport: 1
00:00:01.615022 NEM:              EnhancedFastStringSupport: 1
00:00:01.615024 NEM:                            Bmi1Support: 1
00:00:01.615027 NEM:                            Bmi2Support: 1
00:00:01.615030 NEM:                           MovbeSupport: 1
00:00:01.615032 NEM:                          Npiep1Support: 1
00:00:01.615035 NEM:                   DepX87FPUSaveSupport: 1
00:00:01.615037 NEM:                          RdSeedSupport: 1
00:00:01.615039 NEM:                             AdxSupport: 1
00:00:01.615041 NEM:                   IntelPrefetchSupport: 1
00:00:01.615044 NEM:                            SmapSupport: 1
00:00:01.615047 NEM:                             HleSupport: 0
00:00:01.615050 NEM:                             RtmSupport: 0
00:00:01.615052 NEM:                          RdtscpSupport: 1
00:00:01.615055 NEM:                      ClflushoptSupport: 1
00:00:01.615057 NEM:                            ClwbSupport: 0
00:00:01.615059 NEM:                             ShaSupport: 0
00:00:01.615062 NEM:                X87PointersSavedSupport: 0
00:00:01.615064 NEM: Warning! Unknown CPU features: 0x81978cfe7f7859f
00:00:01.615070 NEM: WHvCapabilityCodeProcessorClFlushSize = 2^8
00:00:01.615074 NEM: Warning! Unknown capability 0x4 returning: 3f 00 00 00 00 00 00 00
00:00:01.616026 NEM: Warning! Unknown capability 0x1003 returning: 3f 38 00 00 00 00 00 00
00:00:01.616038 NEM: Warning! Unknown capability 0x1004 returning: 37 ea 49 6b 00 00 00 00
00:00:01.616042 NEM: Warning! Unknown capability 0x1005 returning: 00 c2 eb 0b 00 00 00 00
00:00:01.616675 NEM: VidGetHvPartitionId            -> fun:0x2210af in:0x0 out:0x8
00:00:01.616685 NEM: VidStartVirtualProcessor       -> fun:0x221184 in:0x4 out:0x0
00:00:01.616688 NEM: VidStopVirtualProcessor        -> fun:0x221190 in:0x4 out:0x0
00:00:01.616692 NEM: VidMessageSlotHandleAndGetNext -> fun:0x2210ef in:0x8 out:0x0
00:00:01.618258 NEM: Created partition 000000000190da40.
00:00:01.618315 NEM: NEMR3Init: Active.
00:00:01.618345 MM: cbHyperHeap=0x200000 (2097152)
00:00:01.621262 CPUM: No hardware-virtualization capability detected
00:00:01.622682 CPUM: fXStateHostMask=0x7; initial: 0x7; host XCR0=0x1f
00:00:01.624620 CPUM: Matched host CPU INTEL 0x6/0x8e/0xc Intel_Core7_CoffeeLake with CPU DB entry 'Intel Core i7-6700K' (INTEL 0x6/0x5e/0x3 Intel_Core7_Skylake)
00:00:01.624758 CPUM: MXCSR_MASK=0xffff (host: 0xffff)
00:00:01.624784 CPUM: Microcode revision 0x000000DE
00:00:01.624834 CPUM: MSR/CPUID reconciliation insert: 0x0000010b IA32_FLUSH_CMD
00:00:01.624839 CPUM: MSR/CPUID reconciliation insert: 0x0000010a IA32_ARCH_CAPABILITIES
00:00:01.624845 CPUM: MSR fudge: 0x00000122 IA32_TSX_CTRL
00:00:01.624877 CPUM: SetGuestCpuIdFeature: Enabled SYSENTER/EXIT
00:00:01.624880 CPUM: SetGuestCpuIdFeature: Enabled SYSCALL/RET
00:00:01.624883 CPUM: SetGuestCpuIdFeature: Enabled PAE
00:00:01.624885 CPUM: SetGuestCpuIdFeature: Enabled LONG MODE
00:00:01.624888 CPUM: SetGuestCpuIdFeature: Enabled LAHF/SAHF
00:00:01.624890 CPUM: SetGuestCpuIdFeature: Enabled NX
00:00:01.633649 NEM: Successfully set up partition (device handle 00000000000009a8, partition ID 0x3)
00:00:01.633674 NEM: Memory balance: 0xa2 out of 0x15e pages in use
00:00:01.633933 PGM: Host paging mode: AMD64+PGE+NX
00:00:01.633960 PGM: PGMPool: cMaxPages=512 (u64MaxPages=288)
00:00:01.633964 PGM: pgmR3PoolInit: cMaxPages=0x200 cMaxUsers=0x400 cMaxPhysExts=0x400 fCacheEnable=true 
00:00:01.637287 TM: GIP - u32Mode=3 (Invariant) u32UpdateHz=93 u32UpdateIntervalNS=10741500 enmUseTscDelta=2 (Practically Zero) fGetGipCpu=0x1b cCpus=8
00:00:01.637300 TM: GIP - u64CpuHz=1 800 006 034 (0x6b49e992)  SUPGetCpuHzFromGip => 1 800 006 034
00:00:01.637305 TM: GIP - CPU: iCpuSet=0x0 idCpu=0x0 idApic=0x0 iGipCpu=0x0 i64TSCDelta=0 enmState=3 u64CpuHz=1800006034(*) cErrors=0
00:00:01.637308 TM: GIP - CPU: iCpuSet=0x1 idCpu=0x1 idApic=0x1 iGipCpu=0x1 i64TSCDelta=0 enmState=3 u64CpuHz=1800007543(*) cErrors=0
00:00:01.637311 TM: GIP - CPU: iCpuSet=0x2 idCpu=0x2 idApic=0x2 iGipCpu=0x7 i64TSCDelta=0 enmState=3 u64CpuHz=1800006124(*) cErrors=0
00:00:01.637315 TM: GIP - CPU: iCpuSet=0x3 idCpu=0x3 idApic=0x3 iGipCpu=0x2 i64TSCDelta=0 enmState=3 u64CpuHz=1800003705(*) cErrors=0
00:00:01.637318 TM: GIP - CPU: iCpuSet=0x4 idCpu=0x4 idApic=0x4 iGipCpu=0x3 i64TSCDelta=0 enmState=3 u64CpuHz=1800005651(*) cErrors=0
00:00:01.637321 TM: GIP - CPU: iCpuSet=0x5 idCpu=0x5 idApic=0x5 iGipCpu=0x4 i64TSCDelta=0 enmState=3 u64CpuHz=1800005940(*) cErrors=0
00:00:01.637324 TM: GIP - CPU: iCpuSet=0x6 idCpu=0x6 idApic=0x6 iGipCpu=0x6 i64TSCDelta=0 enmState=3 u64CpuHz=1800005667(*) cErrors=0
00:00:01.637326 TM: GIP - CPU: iCpuSet=0x7 idCpu=0x7 idApic=0x7 iGipCpu=0x5 i64TSCDelta=0 enmState=3 u64CpuHz=1800005796(*) cErrors=0
00:00:01.637376 TM: NEM overrides the /TM/TSCModeSwitchAllowed setting.
00:00:01.637406 TM: cTSCTicksPerSecond=1 800 006 034 (0x6b49e992) enmTSCMode=4 (NativeApi)
00:00:01.637418 TM: TSCTiedToExecution=false TSCNotTiedToHalt=false
00:00:01.638134 EMR3Init: fIemExecutesAll=false fGuruOnTripleFault=true 
00:00:01.638293 IEM: TargetCpu=CURRENT, Microarch=Intel_Core7_CoffeeLake
00:00:01.638478 GIM: Using provider 'None' (Implementation version: 0)
00:00:01.638549 AIOMgr: Default manager type is 'Async'
00:00:01.638564 AIOMgr: Default file backend is 'NonBuffered'
00:00:01.638880 BlkCache: Cache successfully initialized. Cache size is 5242880 bytes
00:00:01.638890 BlkCache: Cache commit interval is 10000 ms
00:00:01.638893 BlkCache: Cache commit threshold is 2621440 bytes
00:00:02.368768 PcBios: [SMP] BIOS with 1 CPUs
00:00:02.368804 PcBios: Using the 386+ BIOS image.
00:00:02.369075 PcBios: MPS table at 000e1300
00:00:02.372116 PcBios: Using LAN ROM 'C:\Program Files\Oracle\VirtualBox\ExtensionPacks\Oracle_VM_VirtualBox_Extension_Pack\PXE-Intel.rom' with a size of 0xc000 bytes
00:00:02.373572 PcBios: fCheckShutdownStatusForSoftReset=true   fClearShutdownStatusOnHardReset=true 
00:00:02.393940 SUP: Opened VBoxDDR0.r0 (C:\Program Files\Oracle\VirtualBox\VBoxDDR0.r0) at 0xXXXXXXXXXXXXXXXX loaded by the native ring-0 loader.
00:00:02.393954 SUP: windbg> .reload /f C:\Program Files\Oracle\VirtualBox\VBoxDDR0.r0=0xXXXXXXXXXXXXXXXX
00:00:02.395003 CPUM: SetGuestCpuIdFeature: Enabled xAPIC
00:00:02.395309 IOAPIC: Using implementation 2.0! Chipset type ICH9
00:00:02.395396 PIT: mode=3 count=0x10000 (65536) - 18.20 Hz (ch=0)
00:00:02.416085 Shared Folders service loaded
00:00:02.431764 Guest Control service loaded
00:00:02.463789 VGA: Using the 386+ BIOS image.
00:00:02.467999 VD: VDInit finished with VINF_SUCCESS
00:00:02.492027 DrvVD: Flushes will be ignored
00:00:02.492036 DrvVD: Async flushes will be passed to the disk
00:00:02.497421 VD: Opening the disk took 4251700 ns
00:00:02.497538 AHCI: LUN#0: disk, PCHS=16383/16/63, total number of sectors 83886080
00:00:02.497993 AHCI#0: Reset the HBA
00:00:02.498013 VD#0: Cancelling all active requests
00:00:02.498114 E1000#0: Chip=82540EM LinkUpDelay=3000ms EthernetCRC=on GSO=enabled Itr=disabled ItrRx=enabled TID=disabled R0=enabled RC=disabled
00:00:02.513099 NAT: Guest address guess set to 10.0.2.15 by initialization
00:00:02.539144 NAT: DNS#0: 192.168.1.1
00:00:02.597998 NAT: Set redirect TCP 127.0.0.1:2200 -> 0.0.0.0:22
00:00:02.599903 PGM: The CPU physical address width is 39 bits
00:00:02.599917 PGM: PGMR3InitFinalize: 4 MB PSE mask 0000007fffffffff -> VINF_SUCCESS
00:00:02.600085 TM: TMR3InitFinalize: fTSCModeSwitchAllowed=false
00:00:02.600364 VMM: Thread-context hooks unavailable
00:00:02.600372 VMM: RTThreadPreemptIsPending() can be trusted
00:00:02.600374 VMM: Kernel preemption is possible
00:00:02.600384 EM: Exit history optimizations: enabled=true  enabled-r0=true  enabled-r0-no-preemption=false
00:00:02.600965 PcBios: SATA LUN#0 LCHS=1024/255/63
00:00:02.601005 APIC: fPostedIntrsEnabled=false fVirtApicRegsEnabled=false fSupportsTscDeadline=false
00:00:02.601013 TMR3UtcNow: nsNow=1 627 730 514 882 649 000 nsPrev=0 -> cNsDelta=1 627 730 514 882 649 000 (offLag=0 offVirtualSync=0 offVirtualSyncGivenUp=0, NowAgain=1 627 730 514 882 649 000)
00:00:02.601022 VMM: fUsePeriodicPreemptionTimers=false
00:00:02.601105 CPUM: Logical host processors: 8 present, 8 max, 8 online, online mask: 00000000000000ff
00:00:02.601107 CPUM: Physical host cores: 4
00:00:02.601107 ************************* CPUID dump ************************
00:00:02.601143          Raw Standard CPUID Leaves
00:00:02.601143      Leaf/sub-leaf  eax      ebx      ecx      edx
00:00:02.601158 Gst: 00000000/0000  00000016 756e6547 6c65746e 49656e69
00:00:02.601159 Hst:                00000016 756e6547 6c65746e 49656e69
00:00:02.601161 Gst: 00000001/0000  000806ec 00010800 001a0201 178bfbff
00:00:02.601162 Hst:                000806ec 04100800 fedaf387 bfebfbff
00:00:02.601163 Gst: 00000002/0000  76036301 00f0b5ff 00000000 00c30000
00:00:02.601164 Hst:                76036301 00f0b5ff 00000000 00c30000
00:00:02.601165 Gst: 00000003/0000  00000000 00000000 00000000 00000000
00:00:02.601166 Hst:                00000000 00000000 00000000 00000000
00:00:02.601167 Gst: 00000004/0000  00000121 01c0003f 0000003f 00000000
00:00:02.601168 Hst:                1c004121 01c0003f 0000003f 00000000
00:00:02.601169 Gst: 00000004/0001  00000122 01c0003f 0000003f 00000000
00:00:02.601170 Hst:                1c004122 01c0003f 0000003f 00000000
00:00:02.601171 Gst: 00000004/0002  00000143 00c0003f 000003ff 00000000
00:00:02.601172 Hst:                1c004143 00c0003f 000003ff 00000000
00:00:02.601173 Gst: 00000004/0003  00000163 02c0003f 00001fff 00000002
00:00:02.601174 Hst:                1c03c163 02c0003f 00001fff 00000002
00:00:02.601175 Gst: 00000004/0004  00000000 00000000 00000000 00000000
00:00:02.601176 Hst:                00000000 00000000 00000000 00000000
00:00:02.601177 Gst: 00000005/0000  00000000 00000000 00000000 00000000
00:00:02.601178 Hst:                00000000 00000000 00000000 00000000
00:00:02.601179 Gst: 00000006/0000  00000000 00000000 00000000 00000000
00:00:02.601180 Hst:                000007f3 00000002 00000009 00000000
00:00:02.601181 Gst: 00000007/0000  00000000 00002401 00000000 30000400
00:00:02.601182 Hst:                00000000 009c67ab 00000000 bc000400
00:00:02.601183 Gst: 00000007/0001  00000000 00000000 00000000 00000000
00:00:02.601184 Hst:                00000000 00000000 00000000 00000000
00:00:02.601185 Gst: 00000008/0000  00000000 00000000 00000000 00000000
00:00:02.601185 Hst:                00000000 00000000 00000000 00000000
00:00:02.601186 Gst: 00000009/0000  00000000 00000000 00000000 00000000
00:00:02.601187 Hst:                00000000 00000000 00000000 00000000
00:00:02.601188 Gst: 0000000a/0000  00000000 00000000 00000000 00000000
00:00:02.601189 Hst:                07300404 00000000 00000000 00000603
00:00:02.601190 Gst: 0000000b/0000  00000000 00000001 00000100 00000000
00:00:02.601190 Hst:                00000001 00000002 00000100 00000004
00:00:02.601191 Gst: 0000000b/0001  00000001 00000001 00000201 00000000
00:00:02.601192 Hst:                00000004 00000008 00000201 00000004
00:00:02.601193 Gst: 0000000b/0002  00000000 00000000 00000002 00000000
00:00:02.601194 Hst:                00000000 00000000 00000002 00000004
00:00:02.601195 Gst: 0000000c/0000  00000000 00000000 00000000 00000000
00:00:02.601195 Hst:                00000000 00000000 00000000 00000000
00:00:02.601197 Gst: 0000000d/0000  00000000 00000000 00000000 00000000
00:00:02.601197 Hst:                0000001f 00000440 00000440 00000000
00:00:02.601199 Gst: 0000000d/0001  00000000 00000000 00000000 00000000
00:00:02.601200 Hst:                0000000f 000003c0 00000000 00000000
00:00:02.601201 Gst: 0000000d/0002  00000000 00000000 00000000 00000000
00:00:02.601202 Hst:                00000100 00000240 00000000 00000000
00:00:02.601203 Gst: 0000000d/0003  00000000 00000000 00000000 00000000
00:00:02.601203 Hst:                00000040 000003c0 00000000 00000000
00:00:02.601204 Gst: 0000000d/0004  00000000 00000000 00000000 00000000
00:00:02.601205 Hst:                00000040 00000400 00000000 00000000
00:00:02.601206 Gst: 0000000d/0005  00000000 00000000 00000000 00000000
00:00:02.601206 Hst:                00000000 00000000 00000000 00000000
00:00:02.601259 Gst: 0000000e/0000  00000000 00000000 00000000 00000000
00:00:02.601260 Hst:                00000000 00000000 00000000 00000000
00:00:02.601261 Gst: 0000000f/0000  00000000 00000000 00000000 00000000
00:00:02.601262 Hst:                00000000 00000000 00000000 00000000
00:00:02.601263 Gst: 00000010/0000  00000000 00000000 00000000 00000000
00:00:02.601263 Hst:                00000000 00000000 00000000 00000000
00:00:02.601264 Gst: 00000011/0000  00000000 00000000 00000000 00000000
00:00:02.601265 Hst:                00000000 00000000 00000000 00000000
00:00:02.601266 Gst: 00000012/0000  00000000 00000000 00000000 00000000
00:00:02.601267 Hst:                00000000 00000000 00000000 00000000
00:00:02.601268 Gst: 00000013/0000  00000000 00000000 00000000 00000000
00:00:02.601268 Hst:                00000000 00000000 00000000 00000000
00:00:02.601269 Gst: 00000014/0000  00000000 00000000 00000000 00000000
00:00:02.601270 Hst:                00000001 0000000f 00000003 00000000
00:00:02.601271 Hst: 00000015/0000  00000002 00000096 00000000 00000000
00:00:02.601272 Hst: 00000016/0000  00000000 00000000 00000000 00000000
00:00:02.601273                                Name: GenuineIntel
00:00:02.601274                            Supports: 0x00000000-0x00000016
00:00:02.601289                              Family:  6 	Extended: 0 	Effective: 6
00:00:02.601290                               Model: 14 	Extended: 8 	Effective: 142
00:00:02.601291                            Stepping: 12
00:00:02.601292                                Type: 0 (primary)
00:00:02.601293                             APIC ID: 0x00
00:00:02.601294                        Logical CPUs: 1
00:00:02.601294                        CLFLUSH Size: 8
00:00:02.601295                            Brand ID: 0x00
00:00:02.601296 Features
00:00:02.601296   Mnemonic - Description                                  = guest (host)
00:00:02.601314   FPU - x87 FPU on Chip                                   = 1 (1)
00:00:02.601316   VME - Virtual 8086 Mode Enhancements                    = 1 (1)
00:00:02.601317   DE - Debugging extensions                               = 1 (1)
00:00:02.601317   PSE - Page Size Extension                               = 1 (1)
00:00:02.601318   TSC - Time Stamp Counter                                = 1 (1)
00:00:02.601319   MSR - Model Specific Registers                          = 1 (1)
00:00:02.601320   PAE - Physical Address Extension                        = 1 (1)
00:00:02.601321   MCE - Machine Check Exception                           = 1 (1)
00:00:02.601321   CX8 - CMPXCHG8B instruction                             = 1 (1)
00:00:02.601322   APIC - APIC On-Chip                                     = 1 (1)
00:00:02.601323   SEP - SYSENTER and SYSEXIT Present                      = 1 (1)
00:00:02.601324   MTRR - Memory Type Range Registers                      = 1 (1)
00:00:02.601324   PGE - PTE Global Bit                                    = 1 (1)
00:00:02.601325   MCA - Machine Check Architecture                        = 1 (1)
00:00:02.601326   CMOV - Conditional Move instructions                    = 1 (1)
00:00:02.601327   PAT - Page Attribute Table                              = 1 (1)
00:00:02.601328   PSE-36 - 36-bit Page Size Extension                     = 1 (1)
00:00:02.601328   PSN - Processor Serial Number                           = 0 (0)
00:00:02.601329   CLFSH - CLFLUSH instruction                             = 1 (1)
00:00:02.601330   DS - Debug Store                                        = 0 (1)
00:00:02.601331   ACPI - Thermal Mon. & Soft. Clock Ctrl.                 = 0 (1)
00:00:02.601331   MMX - Intel MMX Technology                              = 1 (1)
00:00:02.601332   FXSR - FXSAVE and FXRSTOR instructions                  = 1 (1)
00:00:02.601333   SSE - SSE support                                       = 1 (1)
00:00:02.601334   SSE2 - SSE2 support                                     = 1 (1)
00:00:02.601335   SS - Self Snoop                                         = 0 (1)
00:00:02.601335   HTT - Hyper-Threading Technology                        = 1 (1)
00:00:02.601336   TM - Therm. Monitor                                     = 0 (1)
00:00:02.601337   PBE - Pending Break Enabled                             = 0 (1)
00:00:02.601338   SSE3 - SSE3 support                                     = 1 (1)
00:00:02.601339   PCLMUL - PCLMULQDQ support (for AES-GCM)                = 0 (1)
00:00:02.601339   DTES64 - DS Area 64-bit Layout                          = 0 (1)
00:00:02.601340   MONITOR - MONITOR/MWAIT instructions                    = 0 (0)
00:00:02.601341   CPL-DS - CPL Qualified Debug Store                      = 0 (0)
00:00:02.601342   VMX - Virtual Machine Extensions                        = 0 (0)
00:00:02.601342   SMX - Safer Mode Extensions                             = 0 (0)
00:00:02.601343   EST - Enhanced SpeedStep Technology                     = 0 (1)
00:00:02.601344   TM2 - Terminal Monitor 2                                = 0 (1)
00:00:02.601345   SSSE3 - Supplemental Streaming SIMD Extensions 3        = 1 (1)
00:00:02.601345   CNTX-ID - L1 Context ID                                 = 0 (0)
00:00:02.601346   SDBG - Silicon Debug interface                          = 0 (0)
00:00:02.601347   FMA - Fused Multiply Add extensions                     = 0 (1)
00:00:02.601348   CX16 - CMPXCHG16B instruction                           = 0 (1)
00:00:02.601348   TPRUPDATE - xTPR Update Control                         = 0 (1)
00:00:02.601349   PDCM - Perf/Debug Capability MSR                        = 0 (1)
00:00:02.601350   PCID - Process Context Identifiers                      = 1 (1)
00:00:02.601351   DCA - Direct Cache Access                               = 0 (0)
00:00:02.601351   SSE4_1 - SSE4_1 support                                 = 1 (1)
00:00:02.601352   SSE4_2 - SSE4_2 support                                 = 1 (1)
00:00:02.601353   X2APIC - x2APIC support                                 = 0 (0)
00:00:02.601354   MOVBE - MOVBE instruction                               = 0 (1)
00:00:02.601355   POPCNT - POPCNT instruction                             = 0 (1)
00:00:02.601355   TSCDEADL - Time Stamp Counter Deadline                  = 0 (0)
00:00:02.601356   AES - AES instructions                                  = 0 (1)
00:00:02.601357   XSAVE - XSAVE instruction                               = 0 (1)
00:00:02.601358   OSXSAVE - OSXSAVE instruction                           = 0 (1)
00:00:02.601359   AVX - AVX support                                       = 0 (1)
00:00:02.601359   F16C - 16-bit floating point conversion instructions    = 0 (1)
00:00:02.601360   RDRAND - RDRAND instruction                             = 0 (1)
00:00:02.601361   HVP - Hypervisor Present (we're a guest)                = 0 (1)
00:00:02.601362 Structured Extended Feature Flags Enumeration (leaf 7):
00:00:02.601362   Mnemonic - Description                                  = guest (host)
00:00:02.601363   FSGSBASE - RDFSBASE/RDGSBASE/WRFSBASE/WRGSBASE instr.   = 1 (1)
00:00:02.601363   TSCADJUST - Supports MSR_IA32_TSC_ADJUST                = 0 (1)
00:00:02.601364   SGX - Supports Software Guard Extensions                = 0 (0)
00:00:02.601365   BMI1 - Advanced Bit Manipulation extension 1            = 0 (1)
00:00:02.601366   HLE - Hardware Lock Elision                             = 0 (0)
00:00:02.601366   AVX2 - Advanced Vector Extensions 2                     = 0 (1)
00:00:02.601367   FDP_EXCPTN_ONLY - FPU DP only updated on exceptions     = 0 (0)
00:00:02.601368   SMEP - Supervisor Mode Execution Prevention             = 0 (1)
00:00:02.601368   BMI2 - Advanced Bit Manipulation extension 2            = 0 (1)
00:00:02.601369   ERMS - Enhanced REP MOVSB/STOSB instructions            = 0 (1)
00:00:02.601370   INVPCID - INVPCID instruction                           = 1 (1)
00:00:02.601370   RTM - Restricted Transactional Memory                   = 0 (0)
00:00:02.601371   PQM - Platform Quality of Service Monitoring            = 0 (0)
00:00:02.601372   DEPFPU_CS_DS - Deprecates FPU CS, FPU DS values if set  = 1 (1)
00:00:02.601373   MPE - Intel Memory Protection Extensions                = 0 (1)
00:00:02.601373   PQE - Platform Quality of Service Enforcement           = 0 (0)
00:00:02.601374   AVX512F - AVX512 Foundation instructions                = 0 (0)
00:00:02.601375   RDSEED - RDSEED instruction                             = 0 (1)
00:00:02.601375   ADX - ADCX/ADOX instructions                            = 0 (1)
00:00:02.601376   SMAP - Supervisor Mode Access Prevention                = 0 (1)
00:00:02.601377   CLFLUSHOPT - CLFLUSHOPT (Cache Line Flush) instruction  = 0 (1)
00:00:02.601377   INTEL_PT - Intel Processor Trace                        = 0 (0)
00:00:02.601378   AVX512PF - AVX512 Prefetch instructions                 = 0 (0)
00:00:02.601379   AVX512ER - AVX512 Exponential & Reciprocal instructions = 0 (0)
00:00:02.601380   AVX512CD - AVX512 Conflict Detection instructions       = 0 (0)
00:00:02.601380   SHA - Secure Hash Algorithm extensions                  = 0 (0)
00:00:02.601381   PREFETCHWT1 - PREFETCHWT1 instruction                   = 0 (0)
00:00:02.601382   UMIP - User mode insturction prevention                 = 0 (0)
00:00:02.601382   PKU - Protection Key for Usermode pages                 = 0 (0)
00:00:02.601383   OSPKE - CR4.PKU mirror                                  = 0 (0)
00:00:02.601384   MAWAU - Value used by BNDLDX & BNDSTX                   = 0x0 (0x0)
00:00:02.601385   RDPID - Read processor ID support                       = 0 (0)
00:00:02.601386   SGX_LC - Supports SGX Launch Configuration              = 0 (0)
00:00:02.601386   MD_CLEAR - Supports MDS related buffer clearing         = 1 (1)
00:00:02.601387   IBRS_IBPB - IA32_SPEC_CTRL.IBRS and IA32_PRED_CMD.IBPB  = 0 (1)
00:00:02.601388   STIBP - Supports IA32_SPEC_CTRL.STIBP                   = 0 (1)
00:00:02.601388   FLUSH_CMD - Supports IA32_FLUSH_CMD                     = 1 (1)
00:00:02.601389   ARCHCAP - Supports IA32_ARCH_CAP                        = 1 (1)
00:00:02.601390   CORECAP - Supports IA32_CORE_CAP                        = 0 (0)
00:00:02.601391   SSBD - Supports IA32_SPEC_CTRL.SSBD                     = 0 (1)
00:00:02.601392 Processor Extended State Enumeration (leaf 0xd):
00:00:02.601393    XSAVE area cur/max size by XCR0, guest: 0x0/0x0
00:00:02.601393     XSAVE area cur/max size by XCR0, host: 0x440/0x440
00:00:02.601394                    Valid XCR0 bits, guest: 0x00000000`00000000
00:00:02.601395                     Valid XCR0 bits, host: 0x00000000`0000001f ( x87 SSE YMM_Hi128 BNDREGS BNDCSR )
00:00:02.601398                     XSAVE features, guest:
00:00:02.601398                      XSAVE features, host: XSAVEOPT XSAVEC XGETBC1 XSAVES
00:00:02.601399       XSAVE area cur size XCR0|XSS, guest: 0x0
00:00:02.601400        XSAVE area cur size XCR0|XSS, host: 0x3c0
00:00:02.601400                Valid IA32_XSS bits, guest: 0x00000000`00000000
00:00:02.601401                 Valid IA32_XSS bits, host: 0x00000000`00000000
00:00:02.601402   State #2, host:  off=0x0240, cb=0x0100 IA32_XSS-bit -- YMM_Hi128
00:00:02.601404   State #3, host:  off=0x03c0, cb=0x0040 IA32_XSS-bit -- BNDREGS
00:00:02.601406   State #4, host:  off=0x0400, cb=0x0040 IA32_XSS-bit -- BNDCSR
00:00:02.601432          Unknown CPUID Leaves
00:00:02.601433      Leaf/sub-leaf  eax      ebx      ecx      edx
00:00:02.601434 Gst: 00000014/0001  00000000 00000000 00000000 00000000
00:00:02.601435 Hst:                02490002 003f3fff 00000000 00000000
00:00:02.601436 Gst: 00000014/0002  00000000 00000000 00000000 00000000
00:00:02.601436 Hst:                00000000 00000000 00000000 00000000
00:00:02.601437 Gst: 00000015/0000  00000000 00000000 00000000 00000000
00:00:02.601438 Hst:                00000002 00000096 00000000 00000000
00:00:02.601439 Gst: 00000016/0000  00000000 00000000 00000000 00000000
00:00:02.601440 Hst:                00000000 00000000 00000000 00000000
00:00:02.601442          Raw Extended CPUID Leaves
00:00:02.601442      Leaf/sub-leaf  eax      ebx      ecx      edx
00:00:02.601443 Gst: 80000000/0000  80000008 00000000 00000000 00000000
00:00:02.601444 Hst:                80000008 00000000 00000000 00000000
00:00:02.601445 Gst: 80000001/0000  00000000 00000000 00000001 28100800
00:00:02.601446 Hst:                00000000 00000000 00000121 2c100800
00:00:02.601447 Gst: 80000002/0000  65746e49 2952286c 726f4320 4d542865
00:00:02.601448 Hst:                65746e49 2952286c 726f4320 4d542865
00:00:02.601449 Gst: 80000003/0000  35692029 3632382d 43205535 40205550
00:00:02.601450 Hst:                35692029 3632382d 43205535 40205550
00:00:02.601451 Gst: 80000004/0000  362e3120 7a484730 00000000 00000000
00:00:02.601452 Hst:                362e3120 7a484730 00000000 00000000
00:00:02.601453 Gst: 80000005/0000  00000000 00000000 00000000 00000000
00:00:02.601454 Hst:                00000000 00000000 00000000 00000000
00:00:02.601454 Gst: 80000006/0000  00000000 00000000 01006040 00000000
00:00:02.601455 Hst:                00000000 00000000 01006040 00000000
00:00:02.601456 Gst: 80000007/0000  00000000 00000000 00000000 00000100
00:00:02.601457 Hst:                00000000 00000000 00000000 00000100
00:00:02.601458 Gst: 80000008/0000  00003027 00000000 00000000 00000000
00:00:02.601459 Hst:                00003027 00000000 00000000 00000000
00:00:02.601459 Ext Name:                        
00:00:02.601460 Ext Supports:                    0x80000000-0x80000008
00:00:02.601461 Family:                          0  	Extended: 0 	Effective: 0
00:00:02.601461 Model:                           0  	Extended: 0 	Effective: 0
00:00:02.601462 Stepping:                        0
00:00:02.601462 Brand ID:                        0x000
00:00:02.601463 Ext Features
00:00:02.601463   Mnemonic - Description                                  = guest (host)
00:00:02.601480   FPU - x87 FPU on Chip                                   = 0 (0)
00:00:02.601481   VME - Virtual 8086 Mode Enhancements                    = 0 (0)
00:00:02.601482   DE - Debugging extensions                               = 0 (0)
00:00:02.601483   PSE - Page Size Extension                               = 0 (0)
00:00:02.601484   TSC - Time Stamp Counter                                = 0 (0)
00:00:02.601485   MSR - K86 Model Specific Registers                      = 0 (0)
00:00:02.601485   PAE - Physical Address Extension                        = 0 (0)
00:00:02.601486   MCE - Machine Check Exception                           = 0 (0)
00:00:02.601487   CX8 - CMPXCHG8B instruction                             = 0 (0)
00:00:02.601488   APIC - APIC On-Chip                                     = 0 (0)
00:00:02.601488   SEP - SYSCALL/SYSRET                                    = 1 (1)
00:00:02.601489   MTRR - Memory Type Range Registers                      = 0 (0)
00:00:02.601490   PGE - PTE Global Bit                                    = 0 (0)
00:00:02.601491   MCA - Machine Check Architecture                        = 0 (0)
00:00:02.601492   CMOV - Conditional Move instructions                    = 0 (0)
00:00:02.601492   PAT - Page Attribute Table                              = 0 (0)
00:00:02.601493   PSE-36 - 36-bit Page Size Extension                     = 0 (0)
00:00:02.601494   NX - No-Execute/Execute-Disable                         = 1 (1)
00:00:02.601494   AXMMX - AMD Extensions to MMX instructions              = 0 (0)
00:00:02.601495   MMX - Intel MMX Technology                              = 0 (0)
00:00:02.601496   FXSR - FXSAVE and FXRSTOR Instructions                  = 0 (0)
00:00:02.601497   FFXSR - AMD fast FXSAVE and FXRSTOR instructions        = 0 (0)
00:00:02.601497   Page1GB - 1 GB large page                               = 0 (1)
00:00:02.601498   RDTSCP - RDTSCP instruction                             = 1 (1)
00:00:02.601499   LM - AMD64 Long Mode                                    = 1 (1)
00:00:02.601500   3DNOWEXT - AMD Extensions to 3DNow                      = 0 (0)
00:00:02.601500   3DNOW - AMD 3DNow                                       = 0 (0)
00:00:02.601501   LahfSahf - LAHF/SAHF support in 64-bit mode             = 1 (1)
00:00:02.601502   CmpLegacy - Core multi-processing legacy mode           = 0 (0)
00:00:02.601503   SVM - AMD Secure Virtual Machine extensions             = 0 (0)
00:00:02.601503   EXTAPIC - AMD Extended APIC registers                   = 0 (0)
00:00:02.601504   CR8L - AMD LOCK MOV CR0 means MOV CR8                   = 0 (0)
00:00:02.601505   ABM - AMD Advanced Bit Manipulation                     = 0 (1)
00:00:02.601505   SSE4A - SSE4A instructions                              = 0 (0)
00:00:02.601506   MISALIGNSSE - AMD Misaligned SSE mode                   = 0 (0)
00:00:02.601507   3DNOWPRF - AMD PREFETCH and PREFETCHW instructions      = 0 (1)
00:00:02.601508   OSVW - AMD OS Visible Workaround                        = 0 (0)
00:00:02.601508   IBS - Instruct Based Sampling                           = 0 (0)
00:00:02.601509   XOP - Extended Operation support                        = 0 (0)
00:00:02.601510   SKINIT - SKINIT, STGI, and DEV support                  = 0 (0)
00:00:02.601511   WDT - AMD Watchdog Timer support                        = 0 (0)
00:00:02.601511   LWP - Lightweight Profiling support                     = 0 (0)
00:00:02.601512   FMA4 - Four operand FMA instruction support             = 0 (0)
00:00:02.601513   NodeId - NodeId in MSR C001_100C                        = 0 (0)
00:00:02.601514   TBM - Trailing Bit Manipulation instructions            = 0 (0)
00:00:02.601514   TOPOEXT - Topology Extensions                           = 0 (0)
00:00:02.601515   PRFEXTCORE - Performance Counter Extensions support     = 0 (0)
00:00:02.601516   PRFEXTNB - NB Performance Counter Extensions support    = 0 (0)
00:00:02.601516   DATABPEXT - Data-access Breakpoint Extension            = 0 (0)
00:00:02.601517   PERFTSC - Performance Time Stamp Counter                = 0 (0)
00:00:02.601518   PCX_L2I - L2I/L3 Performance Counter Extensions         = 0 (0)
00:00:02.601518   MWAITX - MWAITX and MONITORX instructions               = 0 (0)
00:00:02.601520 Full Name:                       "Intel(R) Core(TM) i5-8265U CPU @ 1.60GHz"
00:00:02.601520 TLB 2/4M Instr/Uni:              res0     0 entries
00:00:02.601521 TLB 2/4M Data:                   res0     0 entries
00:00:02.601521 TLB 4K Instr/Uni:                res0     0 entries
00:00:02.601522 TLB 4K Data:                     res0     0 entries
00:00:02.601522 L1 Instr Cache Line Size:        0 bytes
00:00:02.601523 L1 Instr Cache Lines Per Tag:    0
00:00:02.601523 L1 Instr Cache Associativity:    res0  
00:00:02.601523 L1 Instr Cache Size:             0 KB
00:00:02.601524 L1 Data Cache Line Size:         0 bytes
00:00:02.601524 L1 Data Cache Lines Per Tag:     0
00:00:02.601524 L1 Data Cache Associativity:     res0  
00:00:02.601525 L1 Data Cache Size:              0 KB
00:00:02.601525 L2 TLB 2/4M Instr/Uni:           off       0 entries
00:00:02.601526 L2 TLB 2/4M Data:                off       0 entries
00:00:02.601526 L2 TLB 4K Instr/Uni:             off       0 entries
00:00:02.601526 L2 TLB 4K Data:                  off       0 entries
00:00:02.601527 L2 Cache Line Size:              0 bytes
00:00:02.601527 L2 Cache Lines Per Tag:          0
00:00:02.601527 L2 Cache Associativity:          off   
00:00:02.601528 L2 Cache Size:                   0 KB
00:00:02.601529   TS - Temperature Sensor                                 = 0 (0)
00:00:02.601530   FID - Frequency ID control                              = 0 (0)
00:00:02.601530   VID - Voltage ID control                                = 0 (0)
00:00:02.601531   TscInvariant - Invariant Time Stamp Counter             = 1 (1)
00:00:02.601532   CBP - Core Performance Boost                            = 0 (0)
00:00:02.601533   EffFreqRO - Read-only Effective Frequency Interface     = 0 (0)
00:00:02.601533   ProcFdbkIf - Processor Feedback Interface               = 0 (0)
00:00:02.601534   ProcPwrRep - Core power reporting interface support     = 0 (0)
00:00:02.601535 Physical Address Width:          39 bits
00:00:02.601536 Virtual Address Width:           48 bits
00:00:02.601536 Guest Physical Address Width:    0 bits
00:00:02.601537 Physical Core Count:             1
00:00:02.601538 
00:00:02.601538 ******************** End of CPUID dump **********************
00:00:02.601590 VMEmt: Halt method global1 (5)
00:00:02.601697 VMEmt: HaltedGlobal1 config: cNsSpinBlockThresholdCfg=50000
00:00:02.601717 Changing the VM state from 'CREATING' to 'CREATED'
00:00:02.602669 SharedFolders host service: Adding host mapping
00:00:02.602682     Host path '\\?\C:\Users\Lisa\uas\ubuntu', map name 'vagrant', writable, automount=false, automntpnt=, create_symlinks=true, missing=false
00:00:02.603331 Changing the VM state from 'CREATED' to 'POWERING_ON'
00:00:02.603962 Changing the VM state from 'POWERING_ON' to 'RUNNING'
00:00:02.603977 Console: Machine state changed to 'Running'
00:00:02.606629 VMMDev: Guest Log: BIOS: VirtualBox 6.1.22
00:00:02.606874 PCI: Setting up resources and interrupts
00:00:02.614561 PIT: mode=2 count=0x10000 (65536) - 18.20 Hz (ch=0)
00:00:02.633010 Display::i_handleDisplayResize: uScreenId=0 pvVRAM=0000000000000000 w=720 h=400 bpp=0 cbLine=0x0 flags=0x0 origin=0,0
00:00:02.654682 VMMDev: Guest Log: CPUID EDX: 0x178bfbff
00:00:02.660918 VMMDev: Guest Log: BIOS: No PCI IDE controller, not probing IDE
00:00:02.664040 AHCI#0: Reset the HBA
00:00:02.664070 VD#0: Cancelling all active requests
00:00:02.664992 AHCI#0: Port 0 reset
00:00:02.665129 VD#0: Cancelling all active requests
00:00:02.668179 VMMDev: Guest Log: BIOS: AHCI 0-P#0: PCHS=16383/16/63 LCHS=1024/255/63 0x0000000005000000 sectors
00:00:02.673057 PIT: mode=2 count=0x48d3 (18643) - 64.00 Hz (ch=0)
00:00:02.677133 Display::i_handleDisplayResize: uScreenId=0 pvVRAM=0000000005ec0000 w=640 h=480 bpp=32 cbLine=0xA00 flags=0x0 origin=0,0
00:00:03.062188 NAT: Old socket recv size: 64KB
00:00:03.062375 NAT: Old socket send size: 64KB
00:00:05.155283 Display::i_handleDisplayResize: uScreenId=0 pvVRAM=0000000005ec0000 w=640 h=480 bpp=0 cbLine=0x280 flags=0x0 origin=0,0
00:00:05.176644 Display::i_handleDisplayResize: uScreenId=0 pvVRAM=0000000000000000 w=720 h=400 bpp=0 cbLine=0x0 flags=0x0 origin=0,0
00:00:05.181040 PIT: mode=2 count=0x10000 (65536) - 18.20 Hz (ch=0)
00:00:05.181810 VMMDev: Guest Log: BIOS: Boot : bseqnr=1, bootseq=0002
00:00:05.183069 VMMDev: Guest Log: BIOS: Booting from Hard Disk...
00:00:07.195688 PIT: mode=2 count=0x12a5 (4773) - 249.98 Hz (ch=0)
00:00:08.284567 PIT: mode=0 count=0x10000 (65536) - 18.20 Hz (ch=0)
00:00:09.474362 AHCI#0: Reset the HBA
00:00:09.474391 VD#0: Cancelling all active requests
00:00:09.514927 AHCI#0: Port 0 reset
00:00:09.523139 VD#0: Cancelling all active requests
00:00:12.792770 NAT: Link up
00:00:15.247100 VMMDev: Guest Additions information report: Version 4.3.40 r110317 '4.3.40_Ubuntu'
00:00:15.247172 VMMDev: Guest Additions information report: Interface = 0x00010004 osType = 0x00053100 (Linux >= 2.6, 64-bit)
00:00:15.247323 VMMDev: Guest Additions capability report: (0x0 -> 0x0) seamless: no, hostWindowMapping: no, graphics: no
00:00:15.249165 VMMDev: Guest Log: vboxguest: misc device minor 57, IRQ 20, I/O port d020, MMIO at 00000000f0400000 (size 0x400000)
00:00:16.610531 NAT: IPv6 not supported
00:00:16.645782 NAT: DHCP offered IP address 10.0.2.15
00:00:16.652393 NAT: DHCP offered IP address 10.0.2.15
00:00:25.936158 VMMDev: Guest Log: VBoxService 4.3.40_Ubuntu r110317 (verbosity: 0) linux.amd64 (Mar 15 2019 12:28:46) release log
00:00:25.936180 VMMDev: Guest Log: 00:00:00.000131 main     Log opened 2021-07-31T11:22:17.406148000Z
00:00:25.939682 VMMDev: Guest Log: 00:00:00.003642 main     OS Product: Linux
00:00:25.939761 VMMDev: Guest Log: 00:00:00.003730 main     OS Release: 3.13.0-170-generic
00:00:25.939828 VMMDev: Guest Log: 00:00:00.003798 main     OS Version: #220-Ubuntu SMP Thu May 9 12:40:49 UTC 2019
00:00:25.939895 VMMDev: Guest Log: 00:00:00.003865 main     OS Service Pack: #220-Ubuntu SMP Thu May 9 12:40:49 UTC 2019
00:00:25.939998 VMMDev: Guest Log: 00:00:00.003937 main     Executable: /usr/sbin/VBoxService
00:00:25.940005 VMMDev: Guest Log: 00:00:00.003955 main     Process ID: 1126
00:00:25.940008 VMMDev: Guest Log: 00:00:00.003970 main     Package type: LINUX_64BITS_GENERIC (OSE)
00:00:25.950676 VMMDev: Guest Log: 00:00:00.014515 main     4.3.40_Ubuntu r110317 started. Verbose level = 0
00:00:44.089487 VMMDev: Guest Additions capability report: (0x0 -> 0x0) seamless: no, hostWindowMapping: no, graphics: no
00:00:44.542167 VMMDev: Guest Additions capability report: (0x0 -> 0x0) seamless: no, hostWindowMapping: no, graphics: no
00:00:45.425597 VMMDev: Guest Log: 00:00:19.492597 control  Guest control service stopped
00:00:45.429280 VMMDev: Guest Log: 00:00:19.496747 control  Guest control worker returned with rc=VINF_SUCCESS
00:00:45.429524 VMMDev: Guest Log: 00:00:19.497017 main     Session 0 is about to close ...
00:00:45.429767 VMMDev: Guest Log: 00:00:19.497282 main     Stopping all guest processes ...
00:00:45.429913 VMMDev: Guest Log: 00:00:19.497448 main     Closing all guest files ...
00:00:45.721958 VMMDev: Guest Log: 00:00:19.789023 main     Ended.
00:00:45.725984 VMMDev: Guest Additions capability report: (0x0 -> 0x0) seamless: no, hostWindowMapping: no, graphics: no
00:00:47.481963 VMMDev: Guest Additions capability report: (0x0 -> 0x0) seamless: no, hostWindowMapping: no, graphics: no
00:00:47.482227 VMMDev: Guest Additions capability report: (0x0 -> 0x0) seamless: no, hostWindowMapping: no, graphics: no
00:00:48.493575 VMMDev: Guest Additions capability report: (0x0 -> 0x0) seamless: no, hostWindowMapping: no, graphics: no
00:00:48.493746 VMMDev: Guest Additions capability report: (0x0 -> 0x0) seamless: no, hostWindowMapping: no, graphics: no
00:01:16.838005 VMMDev: Guest Additions information report: Version 6.1.22 r144080 '6.1.22'
00:01:16.838103 VMMDev: Guest Additions capability report: (0x0 -> 0x0) seamless: no, hostWindowMapping: no, graphics: no
00:01:16.838255 VMMDev: vmmDevReqHandler_HeartbeatConfigure: No change (fHeartbeatActive=false)
00:01:16.838295 VMMDev: Heartbeat flatline timer set to trigger after 4 000 000 000 ns
00:01:16.838345 VMMDev: Guest Log: vgdrvHeartbeatInit: Setting up heartbeat to trigger every 2000 milliseconds
00:01:16.843921 VMMDev: Guest Additions capability report: (0x0 -> 0x0) seamless: no, hostWindowMapping: no, graphics: no
00:01:16.846182 VMMDev: Guest Log: vboxguest: Successfully loaded version 6.1.22 r144080
00:01:16.846245 VMMDev: Guest Log: vboxguest: misc device minor 57, IRQ 20, I/O port d020, MMIO at 00000000f0400000 (size 0x400000)
00:01:16.851396 VMMDev: Guest Log: vboxsf: g_fHostFeatures=0x8000000f g_fSfFeatures=0x1 g_uSfLastFunction=29
00:01:16.852078 VMMDev: Guest Log: vboxsf: Successfully loaded version 6.1.22 r144080 on 3.13.0-170-generic SMP mod_unload modversions retpoline  (LINUX_VERSION_CODE=0x30d0b)
00:01:17.107835 VMMDev: Guest Log: 11:23:08.581466 main     VBoxService 6.1.22 r144080 (verbosity: 0) linux.amd64 (Apr 28 2021 18:43:39) release log
00:01:17.107884 VMMDev: Guest Log: 11:23:08.581506 main     Log opened 2021-07-31T11:23:08.581425000Z
00:01:17.107973 VMMDev: Guest Log: 11:23:08.581678 main     OS Product: Linux
00:01:17.108039 VMMDev: Guest Log: 11:23:08.581747 main     OS Release: 3.13.0-170-generic
00:01:17.108102 VMMDev: Guest Log: 11:23:08.581810 main     OS Version: #220-Ubuntu SMP Thu May 9 12:40:49 UTC 2019
00:01:17.108211 VMMDev: Guest Log: 11:23:08.581874 main     Executable: /opt/VBoxGuestAdditions-6.1.22/sbin/VBoxService
00:01:17.108224 VMMDev: Guest Log: 11:23:08.581891 main     Process ID: 5597
00:01:17.108227 VMMDev: Guest Log: 11:23:08.581906 main     Package type: LINUX_64BITS_GENERIC
00:01:17.114531 VMMDev: Guest Log: 11:23:08.588164 main     6.1.22 r144080 started. Verbose level = 0
00:01:17.129023 VMMDev: Guest Log: 11:23:08.602022 main     vbglR3GuestCtrlDetectPeekGetCancelSupport: Supported (#1)
00:01:17.129725 Guest Control: GUEST_MSG_REPORT_FEATURES: 0x7, 0x8000000000000000
